 Program class : Simulation 

PIP_D5YR_SIM_V2_DATADESSIM_4D_P21.input
 Program name: snlc_sim.exe
	 Batch command:    sbatch
	 Batch template:   /project2/rkessler/PRODUCTS/SNANA/SBATCH_TEMPLATES/SBATCH_Midway2b.TEMPLATE
	 Batch n_core:     25
 Create output dir:
   /scratch/midway2/rkessler/PIPPIN_OUTPUT/D5YR_SIM_V2/1_SIM/DATADESSIM_4D_P21/LOGS
	 Copy 3 sim-input files to LOGS
  Create command files:
	 Create CPU0000_JOBLIST_midway2-login1.CMD
	 Create CPU0001_JOBLIST_midway2-login1.CMD
	 Create CPU0002_JOBLIST_midway2-login1.CMD
	 Create CPU0003_JOBLIST_midway2-login1.CMD
	 Create CPU0004_JOBLIST_midway2-login1.CMD
	 Create CPU0005_JOBLIST_midway2-login1.CMD
	 Create CPU0006_JOBLIST_midway2-login1.CMD
	 Create CPU0007_JOBLIST_midway2-login1.CMD
	 Create CPU0008_JOBLIST_midway2-login1.CMD
	 Create CPU0009_JOBLIST_midway2-login1.CMD
	 Create CPU0010_JOBLIST_midway2-login1.CMD
	 Create CPU0011_JOBLIST_midway2-login1.CMD
	 Create CPU0012_JOBLIST_midway2-login1.CMD
	 Create CPU0013_JOBLIST_midway2-login1.CMD
	 Create CPU0014_JOBLIST_midway2-login1.CMD
	 Create CPU0015_JOBLIST_midway2-login1.CMD
	 Create CPU0016_JOBLIST_midway2-login1.CMD
	 Create CPU0017_JOBLIST_midway2-login1.CMD
	 Create CPU0018_JOBLIST_midway2-login1.CMD
	 Create CPU0019_JOBLIST_midway2-login1.CMD
	 Create CPU0020_JOBLIST_midway2-login1.CMD
	 Create CPU0021_JOBLIST_midway2-login1.CMD
	 Create CPU0022_JOBLIST_midway2-login1.CMD
	 Create CPU0023_JOBLIST_midway2-login1.CMD
	 Create CPU0024_JOBLIST_midway2-login1.CMD
 BATCH DRIVER JOB COUNT SUMMARY: 25 jobs on 25 cores
  Create MERGE.LOG
  Create SUBMIT.INFO
	 pid = 27413211 for PIP_D5YR_SIM_V2_DATADESSIM_4D_P21.input-CPU0000
	 pid = 27413212 for PIP_D5YR_SIM_V2_DATADESSIM_4D_P21.input-CPU0001
	 pid = 27413213 for PIP_D5YR_SIM_V2_DATADESSIM_4D_P21.input-CPU0002
	 pid = 27413214 for PIP_D5YR_SIM_V2_DATADESSIM_4D_P21.input-CPU0003
	 pid = 27413215 for PIP_D5YR_SIM_V2_DATADESSIM_4D_P21.input-CPU0004
	 pid = 27413216 for PIP_D5YR_SIM_V2_DATADESSIM_4D_P21.input-CPU0005
	 pid = 27413217 for PIP_D5YR_SIM_V2_DATADESSIM_4D_P21.input-CPU0006
	 pid = 27413218 for PIP_D5YR_SIM_V2_DATADESSIM_4D_P21.input-CPU0007
	 pid = 27413219 for PIP_D5YR_SIM_V2_DATADESSIM_4D_P21.input-CPU0008
	 pid = 27413220 for PIP_D5YR_SIM_V2_DATADESSIM_4D_P21.input-CPU0009
	 pid = 27413221 for PIP_D5YR_SIM_V2_DATADESSIM_4D_P21.input-CPU0010
	 pid = 27413222 for PIP_D5YR_SIM_V2_DATADESSIM_4D_P21.input-CPU0011
	 pid = 27413223 for PIP_D5YR_SIM_V2_DATADESSIM_4D_P21.input-CPU0012
	 pid = 27413224 for PIP_D5YR_SIM_V2_DATADESSIM_4D_P21.input-CPU0013
	 pid = 27413225 for PIP_D5YR_SIM_V2_DATADESSIM_4D_P21.input-CPU0014
	 pid = 27413226 for PIP_D5YR_SIM_V2_DATADESSIM_4D_P21.input-CPU0015
	 pid = 27413227 for PIP_D5YR_SIM_V2_DATADESSIM_4D_P21.input-CPU0016
	 pid = 27413228 for PIP_D5YR_SIM_V2_DATADESSIM_4D_P21.input-CPU0017
	 pid = 27413229 for PIP_D5YR_SIM_V2_DATADESSIM_4D_P21.input-CPU0018
	 pid = 27413230 for PIP_D5YR_SIM_V2_DATADESSIM_4D_P21.input-CPU0019
	 pid = 27413231 for PIP_D5YR_SIM_V2_DATADESSIM_4D_P21.input-CPU0020
	 pid = 27413232 for PIP_D5YR_SIM_V2_DATADESSIM_4D_P21.input-CPU0021
	 pid = 27413233 for PIP_D5YR_SIM_V2_DATADESSIM_4D_P21.input-CPU0022
	 pid = 27413234 for PIP_D5YR_SIM_V2_DATADESSIM_4D_P21.input-CPU0023
	 pid = 27413235 for PIP_D5YR_SIM_V2_DATADESSIM_4D_P21.input-CPU0024
No warnings
No errors
 Done launching jobs. Sit back and relax.
 Check status in LOGS/MERGE.LOG 

 sim_prep_GENOPT(PIP_D5YR_SIM_V2_DATADESSIM_4D_P21) 
	 GENOPT(sn_ia_salt_des5yr.input): DNDZ POWERLAW 2.27E-5 1.7     FLUXERRMODEL_FILE $DES_ROOT/starterKits/make_fluxerr_model/OUT_SMP/FLUXERRMODEL_SIM.DAT     GENMAG_OFF_GLOBAL -0.12     GENMAG_SMEAR_ADDPHASECOR 0.0 10.0     GENMAG_SMEAR_MODELNAME C11     GENMAG_SMEAR_SCALE 0.0001     GENMAG_SMEAR_SCALE\(c\) 0,0     GENMODEL $DES_ROOT/SALT3training/OUT_TRAIN_SALT3_systCovar_unoU/SALT3.MODEL000     GENPDF_FILE $DES5YR/populations/FINAL_forDES5yr/DES5YR_S3P21pLDec2022_GENPDF.DAT     GENPDF_OPTMASK 1     GENPEAK_SALT2ALPHA 0.15     HOSTLIB_FILE $DES_USERS/mvincenzi/MYPIPPIN/sims_instrument/auto_sullivan_params.HOSTLIB     HOSTLIB_MSKOPT 258     HOSTLIB_SCALE_PROPERTY_ERR 0.0\(LOGMASS\),0.0\(LOGSFR\),0.0\(LOGsSFR\),0.0\(COLOR\)     HOSTLIB_WGTMAP_FILE $DES_USERS/mvincenzi/MYPIPPIN/sims_instrument/WGT_maps_DESX3/DES_WGTMAP_MassSFR_Wiseman2021.HOSTLIB     KCOR_FILE $PS1MD_USERS/dscolnic/PANTHEON+/kcor/v6_1/kcor_DES_5yr_v6_1.fits     SEARCHEFF_zHOST_FILE $DES_USERS/mvincenzi/MYPIPPIN/sims_instrument/MV_HOSTeff_perField_perYear_obsgr_HQ.dat     
  FORMAT_MASK = 48 (<built-in function format>) 
  Compute NGENTOT= 26518 for SIMnorm_PIP_D5YR_SIM_V2_DATADESSIM_4D_P21_SNIaMODEL0

     GENVERSION        MODEL        CIDOFF(GENVERSION)
# -------------------------------------------------- 
 PIP_D5YR_SIM_V2_DATA SNIa-0   [0, 30169] ... [693887, 724056]
# -------------------------------------------------- 
  RESET_CIDOFF        = 1 
  CIDRAN_MIN        = 0
  CIDRAN_MAX(genver)= [754225]
  Sum of NGENTOT_LC = 26518 x 25 (distribute among 25 jobs)

