FAIL_SUMMARY:
   NJOB_FAIL(TOTAL):           0  # 

#    STATE   TRAINOPT  NLC NSPEC  CPU          
MERGE: 
  - ['DONE', 'TRAINOPT000', 1083, 1207, 604.34]
  - ['DONE', 'TRAINOPT001', 1083, 1207, 768.7]
  - ['DONE', 'TRAINOPT002', 1083, 1207, 571.78]
  - ['DONE', 'TRAINOPT003', 1083, 1207, 565.71]
  - ['DONE', 'TRAINOPT004', 1083, 1207, 559.53]
  - ['DONE', 'TRAINOPT005', 1083, 1207, 566.45]
  - ['DONE', 'TRAINOPT006', 1083, 1207, 568.08]
  - ['DONE', 'TRAINOPT007', 1083, 1207, 564.73]
  - ['DONE', 'TRAINOPT008', 1083, 1207, 563.6]
  - ['DONE', 'TRAINOPT009', 1083, 1207, 572.64]

UNIT_TIME:      hours    
WALL_TIME:      12.965  # hours   
TMIN_PENDING:   0.00  
TMAX_PENDING:   0.00  
CPU_SUM:        98.426   # hours 
EFFIC_CPU:      0.759   # CPU/core/T_wall 
